<?xml version="1.0" encoding="UTF-8"?>
<!-- Generated by org.testng.reporters.JUnitReportReporter -->
<testsuite hostname="TYSS-Sumanth" failures="0" tests="1" name="payment.Sample_Test" time="8.523" errors="0" timestamp="2023-11-10T18:01:30 IST" skipped="0">
  <testcase classname="payment.Sample_Test" name="main_Test" time="8.523"/>
  <system-out/>
</testsuite> <!-- payment.Sample_Test -->
