<?xml version="1.0" encoding="UTF-8"?>
<!-- Generated by org.testng.reporters.JUnitReportReporter -->
<testsuite hostname="TYSS-Sumanth" failures="0" tests="1" name="payment.Sample" time="0.005" errors="0" timestamp="2023-11-10T15:19:50 IST" skipped="0">
  <testcase classname="payment.Sample" name="main_Test" time="0.005"/>
  <system-out>
Hello  </system-out>
</testsuite> <!-- payment.Sample -->
