<?xml version="1.0" encoding="UTF-8"?>
<!-- Generated by org.testng.reporters.JUnitReportReporter -->
<testsuite hostname="TYSS-Sumanth" failures="0" tests="1" name="register.TC_DWS_Register_001" time="5.939" errors="0" timestamp="2023-11-09T16:55:32 IST" skipped="0">
  <testcase classname="register.TC_DWS_Register_001" name="demo" time="5.939"/>
  <system-out/>
</testsuite> <!-- register.TC_DWS_Register_001 -->
