<?xml version="1.0" encoding="UTF-8"?>
<!-- Generated by org.testng.reporters.JUnitReportReporter -->
<testsuite hostname="TYSS-Sumanth" failures="0" tests="1" name="laptops.HP_Test" time="4.288" errors="0" timestamp="2023-11-10T16:04:36 IST" skipped="0">
  <testcase classname="laptops.HP_Test" name="launchHP" time="4.288"/>
  <system-out/>
</testsuite> <!-- laptops.HP_Test -->
