<?xml version="1.0" encoding="UTF-8"?>
<!-- Generated by org.testng.reporters.JUnitReportReporter -->
<testsuite hostname="TYSS-Sumanth" failures="0" tests="1" name="payment.TC_DWS_Payment_13_Test" time="4.603" errors="0" timestamp="2023-11-09T17:02:51 IST" skipped="0">
  <testcase classname="payment.TC_DWS_Payment_13_Test" name="main" time="4.603"/>
  <system-out/>
</testsuite> <!-- payment.TC_DWS_Payment_13_Test -->
